Analysis & Synthesis report for RegisterFile
Mon Jul 13 20:05:04 2020
Quartus II 64-Bit Version 13.0.1 Build 232 06/12/2013 Service Pack 1 SJ Web Edition


---------------------
; Table of Contents ;
---------------------
  1. Legal Notice
  2. Analysis & Synthesis Summary
  3. Analysis & Synthesis Settings
  4. Parallel Compilation
  5. Analysis & Synthesis Source Files Read
  6. Analysis & Synthesis Resource Usage Summary
  7. Analysis & Synthesis Resource Utilization by Entity
  8. Analysis & Synthesis IP Cores Summary
  9. General Register Statistics
 10. Parameter Settings for User Entity Instance: lpm_mux0:inst16|LPM_MUX:LPM_MUX_component
 11. Parameter Settings for User Entity Instance: LPM_FF:inst13
 12. Parameter Settings for User Entity Instance: lpm_decode1:inst|lpm_decode:LPM_DECODE_component
 13. Parameter Settings for User Entity Instance: LPM_FF:inst40
 14. Parameter Settings for User Entity Instance: LPM_FF:inst43
 15. Parameter Settings for User Entity Instance: LPM_FF:inst46
 16. Parameter Settings for User Entity Instance: LPM_FF:inst49
 17. Parameter Settings for User Entity Instance: LPM_FF:inst52
 18. Parameter Settings for User Entity Instance: LPM_FF:inst55
 19. Parameter Settings for User Entity Instance: LPM_FF:inst58
 20. Parameter Settings for User Entity Instance: LPM_FF:inst61
 21. Parameter Settings for User Entity Instance: LPM_FF:inst64
 22. Parameter Settings for User Entity Instance: LPM_FF:inst67
 23. Parameter Settings for User Entity Instance: LPM_FF:inst14
 24. Parameter Settings for User Entity Instance: LPM_FF:inst70
 25. Parameter Settings for User Entity Instance: LPM_FF:inst73
 26. Parameter Settings for User Entity Instance: LPM_FF:inst76
 27. Parameter Settings for User Entity Instance: LPM_FF:inst79
 28. Parameter Settings for User Entity Instance: LPM_FF:inst82
 29. Parameter Settings for User Entity Instance: LPM_FF:inst85
 30. Parameter Settings for User Entity Instance: LPM_FF:inst88
 31. Parameter Settings for User Entity Instance: LPM_FF:inst91
 32. Parameter Settings for User Entity Instance: LPM_FF:inst94
 33. Parameter Settings for User Entity Instance: LPM_FF:inst97
 34. Parameter Settings for User Entity Instance: LPM_FF:inst15
 35. Parameter Settings for User Entity Instance: LPM_FF:inst100
 36. Parameter Settings for User Entity Instance: LPM_FF:inst103
 37. Parameter Settings for User Entity Instance: LPM_FF:inst21
 38. Parameter Settings for User Entity Instance: LPM_FF:inst23
 39. Parameter Settings for User Entity Instance: LPM_FF:inst25
 40. Parameter Settings for User Entity Instance: LPM_FF:inst28
 41. Parameter Settings for User Entity Instance: LPM_FF:inst31
 42. Parameter Settings for User Entity Instance: LPM_FF:inst34
 43. Parameter Settings for User Entity Instance: LPM_FF:inst37
 44. Parameter Settings for User Entity Instance: lpm_mux0:inst106|LPM_MUX:LPM_MUX_component
 45. Elapsed Time Per Partition
 46. Analysis & Synthesis Messages



----------------
; Legal Notice ;
----------------
Copyright (C) 1991-2013 Altera Corporation
Your use of Altera Corporation's design tools, logic functions 
and other software and tools, and its AMPP partner logic 
functions, and any output files from any of the foregoing 
(including device programming or simulation files), and any 
associated documentation or information are expressly subject 
to the terms and conditions of the Altera Program License 
Subscription Agreement, Altera MegaCore Function License 
Agreement, or other applicable license agreement, including, 
without limitation, that your use is for the sole purpose of 
programming logic devices manufactured by Altera and sold by 
Altera or its authorized distributors.  Please refer to the 
applicable agreement for further details.



+--------------------------------------------------------------------------------------+
; Analysis & Synthesis Summary                                                         ;
+------------------------------------+-------------------------------------------------+
; Analysis & Synthesis Status        ; Successful - Mon Jul 13 20:05:04 2020           ;
; Quartus II 64-Bit Version          ; 13.0.1 Build 232 06/12/2013 SP 1 SJ Web Edition ;
; Revision Name                      ; RegisterFile                                    ;
; Top-level Entity Name              ; RegisterFile                                    ;
; Family                             ; Cyclone II                                      ;
; Total logic elements               ; 2,614                                           ;
;     Total combinational functions  ; 1,590                                           ;
;     Dedicated logic registers      ; 1,024                                           ;
; Total registers                    ; 1024                                            ;
; Total pins                         ; 114                                             ;
; Total virtual pins                 ; 0                                               ;
; Total memory bits                  ; 0                                               ;
; Embedded Multiplier 9-bit elements ; 0                                               ;
; Total PLLs                         ; 0                                               ;
+------------------------------------+-------------------------------------------------+


+----------------------------------------------------------------------------------------------------------------------+
; Analysis & Synthesis Settings                                                                                        ;
+----------------------------------------------------------------------------+--------------------+--------------------+
; Option                                                                     ; Setting            ; Default Value      ;
+----------------------------------------------------------------------------+--------------------+--------------------+
; Top-level entity name                                                      ; RegisterFile       ; RegisterFile       ;
; Family name                                                                ; Cyclone II         ; Cyclone IV GX      ;
; Use smart compilation                                                      ; Off                ; Off                ;
; Enable parallel Assembler and TimeQuest Timing Analyzer during compilation ; On                 ; On                 ;
; Enable compact report table                                                ; Off                ; Off                ;
; Restructure Multiplexers                                                   ; Auto               ; Auto               ;
; Create Debugging Nodes for IP Cores                                        ; Off                ; Off                ;
; Preserve fewer node names                                                  ; On                 ; On                 ;
; Disable OpenCore Plus hardware evaluation                                  ; Off                ; Off                ;
; Verilog Version                                                            ; Verilog_2001       ; Verilog_2001       ;
; VHDL Version                                                               ; VHDL_1993          ; VHDL_1993          ;
; State Machine Processing                                                   ; Auto               ; Auto               ;
; Safe State Machine                                                         ; Off                ; Off                ;
; Extract Verilog State Machines                                             ; On                 ; On                 ;
; Extract VHDL State Machines                                                ; On                 ; On                 ;
; Ignore Verilog initial constructs                                          ; Off                ; Off                ;
; Iteration limit for constant Verilog loops                                 ; 5000               ; 5000               ;
; Iteration limit for non-constant Verilog loops                             ; 250                ; 250                ;
; Add Pass-Through Logic to Inferred RAMs                                    ; On                 ; On                 ;
; Infer RAMs from Raw Logic                                                  ; On                 ; On                 ;
; Parallel Synthesis                                                         ; On                 ; On                 ;
; DSP Block Balancing                                                        ; Auto               ; Auto               ;
; NOT Gate Push-Back                                                         ; On                 ; On                 ;
; Power-Up Don't Care                                                        ; On                 ; On                 ;
; Remove Redundant Logic Cells                                               ; Off                ; Off                ;
; Remove Duplicate Registers                                                 ; On                 ; On                 ;
; Ignore CARRY Buffers                                                       ; Off                ; Off                ;
; Ignore CASCADE Buffers                                                     ; Off                ; Off                ;
; Ignore GLOBAL Buffers                                                      ; Off                ; Off                ;
; Ignore ROW GLOBAL Buffers                                                  ; Off                ; Off                ;
; Ignore LCELL Buffers                                                       ; Off                ; Off                ;
; Ignore SOFT Buffers                                                        ; On                 ; On                 ;
; Limit AHDL Integers to 32 Bits                                             ; Off                ; Off                ;
; Optimization Technique                                                     ; Balanced           ; Balanced           ;
; Carry Chain Length                                                         ; 70                 ; 70                 ;
; Auto Carry Chains                                                          ; On                 ; On                 ;
; Auto Open-Drain Pins                                                       ; On                 ; On                 ;
; Perform WYSIWYG Primitive Resynthesis                                      ; Off                ; Off                ;
; Auto ROM Replacement                                                       ; On                 ; On                 ;
; Auto RAM Replacement                                                       ; On                 ; On                 ;
; Auto Shift Register Replacement                                            ; Auto               ; Auto               ;
; Allow Shift Register Merging across Hierarchies                            ; Auto               ; Auto               ;
; Auto Clock Enable Replacement                                              ; On                 ; On                 ;
; Strict RAM Replacement                                                     ; Off                ; Off                ;
; Allow Synchronous Control Signals                                          ; On                 ; On                 ;
; Force Use of Synchronous Clear Signals                                     ; Off                ; Off                ;
; Auto RAM to Logic Cell Conversion                                          ; Off                ; Off                ;
; Auto Resource Sharing                                                      ; Off                ; Off                ;
; Allow Any RAM Size For Recognition                                         ; Off                ; Off                ;
; Allow Any ROM Size For Recognition                                         ; Off                ; Off                ;
; Allow Any Shift Register Size For Recognition                              ; Off                ; Off                ;
; Use LogicLock Constraints during Resource Balancing                        ; On                 ; On                 ;
; Ignore translate_off and synthesis_off directives                          ; Off                ; Off                ;
; Timing-Driven Synthesis                                                    ; Off                ; Off                ;
; Report Parameter Settings                                                  ; On                 ; On                 ;
; Report Source Assignments                                                  ; On                 ; On                 ;
; Report Connectivity Checks                                                 ; On                 ; On                 ;
; Ignore Maximum Fan-Out Assignments                                         ; Off                ; Off                ;
; Synchronization Register Chain Length                                      ; 2                  ; 2                  ;
; PowerPlay Power Optimization                                               ; Normal compilation ; Normal compilation ;
; HDL message level                                                          ; Level2             ; Level2             ;
; Suppress Register Optimization Related Messages                            ; Off                ; Off                ;
; Number of Removed Registers Reported in Synthesis Report                   ; 5000               ; 5000               ;
; Number of Swept Nodes Reported in Synthesis Report                         ; 5000               ; 5000               ;
; Number of Inverted Registers Reported in Synthesis Report                  ; 100                ; 100                ;
; Clock MUX Protection                                                       ; On                 ; On                 ;
; Auto Gated Clock Conversion                                                ; Off                ; Off                ;
; Block Design Naming                                                        ; Auto               ; Auto               ;
; SDC constraint protection                                                  ; Off                ; Off                ;
; Synthesis Effort                                                           ; Auto               ; Auto               ;
; Shift Register Replacement - Allow Asynchronous Clear Signal               ; On                 ; On                 ;
; Pre-Mapping Resynthesis Optimization                                       ; Off                ; Off                ;
; Analysis & Synthesis Message Level                                         ; Medium             ; Medium             ;
; Disable Register Merging Across Hierarchies                                ; Auto               ; Auto               ;
; Resource Aware Inference For Block RAM                                     ; On                 ; On                 ;
; Synthesis Seed                                                             ; 1                  ; 1                  ;
+----------------------------------------------------------------------------+--------------------+--------------------+


Parallel compilation was disabled, but you have multiple processors available. Enable parallel compilation to reduce compilation time.
+-------------------------------------+
; Parallel Compilation                ;
+----------------------------+--------+
; Processors                 ; Number ;
+----------------------------+--------+
; Number detected on machine ; 4      ;
; Maximum allowed            ; 1      ;
+----------------------------+--------+


+-----------------------------------------------------------------------------------------------------------------------------------------------------------------+
; Analysis & Synthesis Source Files Read                                                                                                                          ;
+----------------------------------+-----------------+------------------------------------+-------------------------------------------------------------+---------+
; File Name with User-Entered Path ; Used in Netlist ; File Type                          ; File Name with Absolute Path                                ; Library ;
+----------------------------------+-----------------+------------------------------------+-------------------------------------------------------------+---------+
; RegisterFile.bdf                 ; yes             ; User Block Diagram/Schematic File  ; C:/Users/Arman_PC/Desktop/RF/RegisterFile.bdf               ;         ;
; lpm_mux0.vhd                     ; yes             ; User Wizard-Generated File         ; C:/Users/Arman_PC/Desktop/RF/lpm_mux0.vhd                   ;         ;
; lpm_decode1.vhd                  ; yes             ; User Wizard-Generated File         ; C:/Users/Arman_PC/Desktop/RF/lpm_decode1.vhd                ;         ;
; lpm_mux.tdf                      ; yes             ; Megafunction                       ; g:/quartus/quartus/libraries/megafunctions/lpm_mux.tdf      ;         ;
; aglobal130.inc                   ; yes             ; Megafunction                       ; g:/quartus/quartus/libraries/megafunctions/aglobal130.inc   ;         ;
; muxlut.inc                       ; yes             ; Megafunction                       ; g:/quartus/quartus/libraries/megafunctions/muxlut.inc       ;         ;
; bypassff.inc                     ; yes             ; Megafunction                       ; g:/quartus/quartus/libraries/megafunctions/bypassff.inc     ;         ;
; altshift.inc                     ; yes             ; Megafunction                       ; g:/quartus/quartus/libraries/megafunctions/altshift.inc     ;         ;
; db/mux_b6e.tdf                   ; yes             ; Auto-Generated Megafunction        ; C:/Users/Arman_PC/Desktop/RF/db/mux_b6e.tdf                 ;         ;
; lpm_ff.tdf                       ; yes             ; Megafunction                       ; g:/quartus/quartus/libraries/megafunctions/lpm_ff.tdf       ;         ;
; lpm_constant.inc                 ; yes             ; Megafunction                       ; g:/quartus/quartus/libraries/megafunctions/lpm_constant.inc ;         ;
; lpm_decode.tdf                   ; yes             ; Megafunction                       ; g:/quartus/quartus/libraries/megafunctions/lpm_decode.tdf   ;         ;
; declut.inc                       ; yes             ; Megafunction                       ; g:/quartus/quartus/libraries/megafunctions/declut.inc       ;         ;
; lpm_compare.inc                  ; yes             ; Megafunction                       ; g:/quartus/quartus/libraries/megafunctions/lpm_compare.inc  ;         ;
; db/decode_b8f.tdf                ; yes             ; Auto-Generated Megafunction        ; C:/Users/Arman_PC/Desktop/RF/db/decode_b8f.tdf              ;         ;
+----------------------------------+-----------------+------------------------------------+-------------------------------------------------------------+---------+


+-----------------------------------------------------+
; Analysis & Synthesis Resource Usage Summary         ;
+---------------------------------------------+-------+
; Resource                                    ; Usage ;
+---------------------------------------------+-------+
; Estimated Total logic elements              ; 2,614 ;
;                                             ;       ;
; Total combinational functions               ; 1590  ;
; Logic element usage by number of LUT inputs ;       ;
;     -- 4 input functions                    ; 1444  ;
;     -- 3 input functions                    ; 134   ;
;     -- <=2 input functions                  ; 12    ;
;                                             ;       ;
; Logic elements by mode                      ;       ;
;     -- normal mode                          ; 1590  ;
;     -- arithmetic mode                      ; 0     ;
;                                             ;       ;
; Total registers                             ; 1024  ;
;     -- Dedicated logic registers            ; 1024  ;
;     -- I/O registers                        ; 0     ;
;                                             ;       ;
; I/O pins                                    ; 114   ;
; Embedded Multiplier 9-bit elements          ; 0     ;
; Maximum fan-out node                        ; Clear ;
; Maximum fan-out                             ; 1056  ;
; Total fan-out                               ; 10362 ;
; Average fan-out                             ; 3.80  ;
+---------------------------------------------+-------+


+---------------------------------------------------------------------------------------------------------------------------------------------------------------------------------------------------------------------------------------------------------------+
; Analysis & Synthesis Resource Utilization by Entity                                                                                                                                                                                                           ;
+-----------------------------------------+-------------------+--------------+-------------+--------------+---------+-----------+------+--------------+------------------------------------------------------------------------------------------+--------------+
; Compilation Hierarchy Node              ; LC Combinationals ; LC Registers ; Memory Bits ; DSP Elements ; DSP 9x9 ; DSP 18x18 ; Pins ; Virtual Pins ; Full Hierarchy Name                                                                      ; Library Name ;
+-----------------------------------------+-------------------+--------------+-------------+--------------+---------+-----------+------+--------------+------------------------------------------------------------------------------------------+--------------+
; |RegisterFile                           ; 1590 (39)         ; 1024 (0)     ; 0           ; 0            ; 0       ; 0         ; 114  ; 0            ; |RegisterFile                                                                            ; work         ;
;    |lpm_decode1:inst|                   ; 3 (0)             ; 0 (0)        ; 0           ; 0            ; 0       ; 0         ; 0    ; 0            ; |RegisterFile|lpm_decode1:inst                                                           ; work         ;
;       |lpm_decode:LPM_DECODE_component| ; 3 (0)             ; 0 (0)        ; 0           ; 0            ; 0       ; 0         ; 0    ; 0            ; |RegisterFile|lpm_decode1:inst|lpm_decode:LPM_DECODE_component                           ; work         ;
;          |decode_b8f:auto_generated|    ; 3 (3)             ; 0 (0)        ; 0           ; 0            ; 0       ; 0         ; 0    ; 0            ; |RegisterFile|lpm_decode1:inst|lpm_decode:LPM_DECODE_component|decode_b8f:auto_generated ; work         ;
;    |lpm_ff:inst100|                     ; 0 (0)             ; 32 (32)      ; 0           ; 0            ; 0       ; 0         ; 0    ; 0            ; |RegisterFile|lpm_ff:inst100                                                             ; work         ;
;    |lpm_ff:inst103|                     ; 0 (0)             ; 32 (32)      ; 0           ; 0            ; 0       ; 0         ; 0    ; 0            ; |RegisterFile|lpm_ff:inst103                                                             ; work         ;
;    |lpm_ff:inst13|                      ; 0 (0)             ; 32 (32)      ; 0           ; 0            ; 0       ; 0         ; 0    ; 0            ; |RegisterFile|lpm_ff:inst13                                                              ; work         ;
;    |lpm_ff:inst14|                      ; 0 (0)             ; 32 (32)      ; 0           ; 0            ; 0       ; 0         ; 0    ; 0            ; |RegisterFile|lpm_ff:inst14                                                              ; work         ;
;    |lpm_ff:inst15|                      ; 0 (0)             ; 32 (32)      ; 0           ; 0            ; 0       ; 0         ; 0    ; 0            ; |RegisterFile|lpm_ff:inst15                                                              ; work         ;
;    |lpm_ff:inst21|                      ; 0 (0)             ; 32 (32)      ; 0           ; 0            ; 0       ; 0         ; 0    ; 0            ; |RegisterFile|lpm_ff:inst21                                                              ; work         ;
;    |lpm_ff:inst23|                      ; 0 (0)             ; 32 (32)      ; 0           ; 0            ; 0       ; 0         ; 0    ; 0            ; |RegisterFile|lpm_ff:inst23                                                              ; work         ;
;    |lpm_ff:inst25|                      ; 0 (0)             ; 32 (32)      ; 0           ; 0            ; 0       ; 0         ; 0    ; 0            ; |RegisterFile|lpm_ff:inst25                                                              ; work         ;
;    |lpm_ff:inst28|                      ; 0 (0)             ; 32 (32)      ; 0           ; 0            ; 0       ; 0         ; 0    ; 0            ; |RegisterFile|lpm_ff:inst28                                                              ; work         ;
;    |lpm_ff:inst31|                      ; 0 (0)             ; 32 (32)      ; 0           ; 0            ; 0       ; 0         ; 0    ; 0            ; |RegisterFile|lpm_ff:inst31                                                              ; work         ;
;    |lpm_ff:inst34|                      ; 0 (0)             ; 32 (32)      ; 0           ; 0            ; 0       ; 0         ; 0    ; 0            ; |RegisterFile|lpm_ff:inst34                                                              ; work         ;
;    |lpm_ff:inst37|                      ; 0 (0)             ; 32 (32)      ; 0           ; 0            ; 0       ; 0         ; 0    ; 0            ; |RegisterFile|lpm_ff:inst37                                                              ; work         ;
;    |lpm_ff:inst40|                      ; 0 (0)             ; 32 (32)      ; 0           ; 0            ; 0       ; 0         ; 0    ; 0            ; |RegisterFile|lpm_ff:inst40                                                              ; work         ;
;    |lpm_ff:inst43|                      ; 0 (0)             ; 32 (32)      ; 0           ; 0            ; 0       ; 0         ; 0    ; 0            ; |RegisterFile|lpm_ff:inst43                                                              ; work         ;
;    |lpm_ff:inst46|                      ; 0 (0)             ; 32 (32)      ; 0           ; 0            ; 0       ; 0         ; 0    ; 0            ; |RegisterFile|lpm_ff:inst46                                                              ; work         ;
;    |lpm_ff:inst49|                      ; 0 (0)             ; 32 (32)      ; 0           ; 0            ; 0       ; 0         ; 0    ; 0            ; |RegisterFile|lpm_ff:inst49                                                              ; work         ;
;    |lpm_ff:inst52|                      ; 0 (0)             ; 32 (32)      ; 0           ; 0            ; 0       ; 0         ; 0    ; 0            ; |RegisterFile|lpm_ff:inst52                                                              ; work         ;
;    |lpm_ff:inst55|                      ; 0 (0)             ; 32 (32)      ; 0           ; 0            ; 0       ; 0         ; 0    ; 0            ; |RegisterFile|lpm_ff:inst55                                                              ; work         ;
;    |lpm_ff:inst58|                      ; 0 (0)             ; 32 (32)      ; 0           ; 0            ; 0       ; 0         ; 0    ; 0            ; |RegisterFile|lpm_ff:inst58                                                              ; work         ;
;    |lpm_ff:inst61|                      ; 0 (0)             ; 32 (32)      ; 0           ; 0            ; 0       ; 0         ; 0    ; 0            ; |RegisterFile|lpm_ff:inst61                                                              ; work         ;
;    |lpm_ff:inst64|                      ; 0 (0)             ; 32 (32)      ; 0           ; 0            ; 0       ; 0         ; 0    ; 0            ; |RegisterFile|lpm_ff:inst64                                                              ; work         ;
;    |lpm_ff:inst67|                      ; 0 (0)             ; 32 (32)      ; 0           ; 0            ; 0       ; 0         ; 0    ; 0            ; |RegisterFile|lpm_ff:inst67                                                              ; work         ;
;    |lpm_ff:inst70|                      ; 0 (0)             ; 32 (32)      ; 0           ; 0            ; 0       ; 0         ; 0    ; 0            ; |RegisterFile|lpm_ff:inst70                                                              ; work         ;
;    |lpm_ff:inst73|                      ; 0 (0)             ; 32 (32)      ; 0           ; 0            ; 0       ; 0         ; 0    ; 0            ; |RegisterFile|lpm_ff:inst73                                                              ; work         ;
;    |lpm_ff:inst76|                      ; 0 (0)             ; 32 (32)      ; 0           ; 0            ; 0       ; 0         ; 0    ; 0            ; |RegisterFile|lpm_ff:inst76                                                              ; work         ;
;    |lpm_ff:inst79|                      ; 0 (0)             ; 32 (32)      ; 0           ; 0            ; 0       ; 0         ; 0    ; 0            ; |RegisterFile|lpm_ff:inst79                                                              ; work         ;
;    |lpm_ff:inst82|                      ; 0 (0)             ; 32 (32)      ; 0           ; 0            ; 0       ; 0         ; 0    ; 0            ; |RegisterFile|lpm_ff:inst82                                                              ; work         ;
;    |lpm_ff:inst85|                      ; 0 (0)             ; 32 (32)      ; 0           ; 0            ; 0       ; 0         ; 0    ; 0            ; |RegisterFile|lpm_ff:inst85                                                              ; work         ;
;    |lpm_ff:inst88|                      ; 0 (0)             ; 32 (32)      ; 0           ; 0            ; 0       ; 0         ; 0    ; 0            ; |RegisterFile|lpm_ff:inst88                                                              ; work         ;
;    |lpm_ff:inst91|                      ; 0 (0)             ; 32 (32)      ; 0           ; 0            ; 0       ; 0         ; 0    ; 0            ; |RegisterFile|lpm_ff:inst91                                                              ; work         ;
;    |lpm_ff:inst94|                      ; 0 (0)             ; 32 (32)      ; 0           ; 0            ; 0       ; 0         ; 0    ; 0            ; |RegisterFile|lpm_ff:inst94                                                              ; work         ;
;    |lpm_ff:inst97|                      ; 0 (0)             ; 32 (32)      ; 0           ; 0            ; 0       ; 0         ; 0    ; 0            ; |RegisterFile|lpm_ff:inst97                                                              ; work         ;
;    |lpm_mux0:inst106|                   ; 774 (0)           ; 0 (0)        ; 0           ; 0            ; 0       ; 0         ; 0    ; 0            ; |RegisterFile|lpm_mux0:inst106                                                           ; work         ;
;       |lpm_mux:LPM_MUX_component|       ; 774 (0)           ; 0 (0)        ; 0           ; 0            ; 0       ; 0         ; 0    ; 0            ; |RegisterFile|lpm_mux0:inst106|lpm_mux:LPM_MUX_component                                 ; work         ;
;          |mux_b6e:auto_generated|       ; 774 (774)         ; 0 (0)        ; 0           ; 0            ; 0       ; 0         ; 0    ; 0            ; |RegisterFile|lpm_mux0:inst106|lpm_mux:LPM_MUX_component|mux_b6e:auto_generated          ; work         ;
;    |lpm_mux0:inst16|                    ; 774 (0)           ; 0 (0)        ; 0           ; 0            ; 0       ; 0         ; 0    ; 0            ; |RegisterFile|lpm_mux0:inst16                                                            ; work         ;
;       |lpm_mux:LPM_MUX_component|       ; 774 (0)           ; 0 (0)        ; 0           ; 0            ; 0       ; 0         ; 0    ; 0            ; |RegisterFile|lpm_mux0:inst16|lpm_mux:LPM_MUX_component                                  ; work         ;
;          |mux_b6e:auto_generated|       ; 774 (774)         ; 0 (0)        ; 0           ; 0            ; 0       ; 0         ; 0    ; 0            ; |RegisterFile|lpm_mux0:inst16|lpm_mux:LPM_MUX_component|mux_b6e:auto_generated           ; work         ;
+-----------------------------------------+-------------------+--------------+-------------+--------------+---------+-----------+------+--------------+------------------------------------------------------------------------------------------+--------------+
Note: For table entries with two numbers listed, the numbers in parentheses indicate the number of resources of the given type used by the specific entity alone. The numbers listed outside of parentheses indicate the total resources of the given type used by the specific entity and all of its sub-entities in the hierarchy.


+-----------------------------------------------------------------------------------------------------------------------------------------------+
; Analysis & Synthesis IP Cores Summary                                                                                                         ;
+--------+--------------+---------+--------------+--------------+--------------------------------+----------------------------------------------+
; Vendor ; IP Core Name ; Version ; Release Date ; License Type ; Entity Instance                ; IP Include File                              ;
+--------+--------------+---------+--------------+--------------+--------------------------------+----------------------------------------------+
; Altera ; LPM_DECODE   ; 13.0    ; N/A          ; N/A          ; |RegisterFile|lpm_decode1:inst ; C:/Users/Arman_PC/Desktop/RF/lpm_decode1.vhd ;
; Altera ; LPM_MUX      ; 13.0    ; N/A          ; N/A          ; |RegisterFile|lpm_mux0:inst16  ; C:/Users/Arman_PC/Desktop/RF/lpm_mux0.vhd    ;
; Altera ; LPM_MUX      ; 13.0    ; N/A          ; N/A          ; |RegisterFile|lpm_mux0:inst106 ; C:/Users/Arman_PC/Desktop/RF/lpm_mux0.vhd    ;
+--------+--------------+---------+--------------+--------------+--------------------------------+----------------------------------------------+


+------------------------------------------------------+
; General Register Statistics                          ;
+----------------------------------------------+-------+
; Statistic                                    ; Value ;
+----------------------------------------------+-------+
; Total registers                              ; 1024  ;
; Number of registers using Synchronous Clear  ; 1024  ;
; Number of registers using Synchronous Load   ; 0     ;
; Number of registers using Asynchronous Clear ; 0     ;
; Number of registers using Asynchronous Load  ; 0     ;
; Number of registers using Clock Enable       ; 1024  ;
; Number of registers using Preset             ; 0     ;
+----------------------------------------------+-------+


+----------------------------------------------------------------------------------------+
; Parameter Settings for User Entity Instance: lpm_mux0:inst16|LPM_MUX:LPM_MUX_component ;
+------------------------+------------+--------------------------------------------------+
; Parameter Name         ; Value      ; Type                                             ;
+------------------------+------------+--------------------------------------------------+
; AUTO_CARRY_CHAINS      ; ON         ; AUTO_CARRY                                       ;
; IGNORE_CARRY_BUFFERS   ; OFF        ; IGNORE_CARRY                                     ;
; AUTO_CASCADE_CHAINS    ; ON         ; AUTO_CASCADE                                     ;
; IGNORE_CASCADE_BUFFERS ; OFF        ; IGNORE_CASCADE                                   ;
; LPM_WIDTH              ; 32         ; Signed Integer                                   ;
; LPM_SIZE               ; 32         ; Signed Integer                                   ;
; LPM_WIDTHS             ; 5          ; Signed Integer                                   ;
; LPM_PIPELINE           ; 0          ; Signed Integer                                   ;
; CBXI_PARAMETER         ; mux_b6e    ; Untyped                                          ;
; DEVICE_FAMILY          ; Cyclone II ; Untyped                                          ;
+------------------------+------------+--------------------------------------------------+
Note: In order to hide this table in the UI and the text report file, please set the "Show Parameter Settings in Synthesis Report" option in "Analysis and Synthesis Settings -> More Settings" to "Off".


+------------------------------------------------------------+
; Parameter Settings for User Entity Instance: LPM_FF:inst13 ;
+------------------------+------------+----------------------+
; Parameter Name         ; Value      ; Type                 ;
+------------------------+------------+----------------------+
; LPM_WIDTH              ; 32         ; Untyped              ;
; LPM_AVALUE             ; UNUSED     ; Untyped              ;
; LPM_SVALUE             ; UNUSED     ; Untyped              ;
; LPM_FFTYPE             ; DFF        ; Untyped              ;
; DEVICE_FAMILY          ; Cyclone II ; Untyped              ;
; CBXI_PARAMETER         ; NOTHING    ; Untyped              ;
; AUTO_CARRY_CHAINS      ; ON         ; AUTO_CARRY           ;
; IGNORE_CARRY_BUFFERS   ; OFF        ; IGNORE_CARRY         ;
; AUTO_CASCADE_CHAINS    ; ON         ; AUTO_CASCADE         ;
; IGNORE_CASCADE_BUFFERS ; OFF        ; IGNORE_CASCADE       ;
+------------------------+------------+----------------------+
Note: In order to hide this table in the UI and the text report file, please set the "Show Parameter Settings in Synthesis Report" option in "Analysis and Synthesis Settings -> More Settings" to "Off".


+-----------------------------------------------------------------------------------------------+
; Parameter Settings for User Entity Instance: lpm_decode1:inst|lpm_decode:LPM_DECODE_component ;
+------------------------+------------+---------------------------------------------------------+
; Parameter Name         ; Value      ; Type                                                    ;
+------------------------+------------+---------------------------------------------------------+
; LPM_WIDTH              ; 5          ; Signed Integer                                          ;
; LPM_DECODES            ; 32         ; Signed Integer                                          ;
; LPM_PIPELINE           ; 0          ; Untyped                                                 ;
; CASCADE_CHAIN          ; MANUAL     ; Untyped                                                 ;
; DEVICE_FAMILY          ; Cyclone II ; Untyped                                                 ;
; CBXI_PARAMETER         ; decode_b8f ; Untyped                                                 ;
; AUTO_CARRY_CHAINS      ; ON         ; AUTO_CARRY                                              ;
; IGNORE_CARRY_BUFFERS   ; OFF        ; IGNORE_CARRY                                            ;
; AUTO_CASCADE_CHAINS    ; ON         ; AUTO_CASCADE                                            ;
; IGNORE_CASCADE_BUFFERS ; OFF        ; IGNORE_CASCADE                                          ;
+------------------------+------------+---------------------------------------------------------+
Note: In order to hide this table in the UI and the text report file, please set the "Show Parameter Settings in Synthesis Report" option in "Analysis and Synthesis Settings -> More Settings" to "Off".


+------------------------------------------------------------+
; Parameter Settings for User Entity Instance: LPM_FF:inst40 ;
+------------------------+------------+----------------------+
; Parameter Name         ; Value      ; Type                 ;
+------------------------+------------+----------------------+
; LPM_WIDTH              ; 32         ; Untyped              ;
; LPM_AVALUE             ; UNUSED     ; Untyped              ;
; LPM_SVALUE             ; UNUSED     ; Untyped              ;
; LPM_FFTYPE             ; DFF        ; Untyped              ;
; DEVICE_FAMILY          ; Cyclone II ; Untyped              ;
; CBXI_PARAMETER         ; NOTHING    ; Untyped              ;
; AUTO_CARRY_CHAINS      ; ON         ; AUTO_CARRY           ;
; IGNORE_CARRY_BUFFERS   ; OFF        ; IGNORE_CARRY         ;
; AUTO_CASCADE_CHAINS    ; ON         ; AUTO_CASCADE         ;
; IGNORE_CASCADE_BUFFERS ; OFF        ; IGNORE_CASCADE       ;
+------------------------+------------+----------------------+
Note: In order to hide this table in the UI and the text report file, please set the "Show Parameter Settings in Synthesis Report" option in "Analysis and Synthesis Settings -> More Settings" to "Off".


+------------------------------------------------------------+
; Parameter Settings for User Entity Instance: LPM_FF:inst43 ;
+------------------------+------------+----------------------+
; Parameter Name         ; Value      ; Type                 ;
+------------------------+------------+----------------------+
; LPM_WIDTH              ; 32         ; Untyped              ;
; LPM_AVALUE             ; UNUSED     ; Untyped              ;
; LPM_SVALUE             ; UNUSED     ; Untyped              ;
; LPM_FFTYPE             ; DFF        ; Untyped              ;
; DEVICE_FAMILY          ; Cyclone II ; Untyped              ;
; CBXI_PARAMETER         ; NOTHING    ; Untyped              ;
; AUTO_CARRY_CHAINS      ; ON         ; AUTO_CARRY           ;
; IGNORE_CARRY_BUFFERS   ; OFF        ; IGNORE_CARRY         ;
; AUTO_CASCADE_CHAINS    ; ON         ; AUTO_CASCADE         ;
; IGNORE_CASCADE_BUFFERS ; OFF        ; IGNORE_CASCADE       ;
+------------------------+------------+----------------------+
Note: In order to hide this table in the UI and the text report file, please set the "Show Parameter Settings in Synthesis Report" option in "Analysis and Synthesis Settings -> More Settings" to "Off".


+------------------------------------------------------------+
; Parameter Settings for User Entity Instance: LPM_FF:inst46 ;
+------------------------+------------+----------------------+
; Parameter Name         ; Value      ; Type                 ;
+------------------------+------------+----------------------+
; LPM_WIDTH              ; 32         ; Untyped              ;
; LPM_AVALUE             ; UNUSED     ; Untyped              ;
; LPM_SVALUE             ; UNUSED     ; Untyped              ;
; LPM_FFTYPE             ; DFF        ; Untyped              ;
; DEVICE_FAMILY          ; Cyclone II ; Untyped              ;
; CBXI_PARAMETER         ; NOTHING    ; Untyped              ;
; AUTO_CARRY_CHAINS      ; ON         ; AUTO_CARRY           ;
; IGNORE_CARRY_BUFFERS   ; OFF        ; IGNORE_CARRY         ;
; AUTO_CASCADE_CHAINS    ; ON         ; AUTO_CASCADE         ;
; IGNORE_CASCADE_BUFFERS ; OFF        ; IGNORE_CASCADE       ;
+------------------------+------------+----------------------+
Note: In order to hide this table in the UI and the text report file, please set the "Show Parameter Settings in Synthesis Report" option in "Analysis and Synthesis Settings -> More Settings" to "Off".


+------------------------------------------------------------+
; Parameter Settings for User Entity Instance: LPM_FF:inst49 ;
+------------------------+------------+----------------------+
; Parameter Name         ; Value      ; Type                 ;
+------------------------+------------+----------------------+
; LPM_WIDTH              ; 32         ; Untyped              ;
; LPM_AVALUE             ; UNUSED     ; Untyped              ;
; LPM_SVALUE             ; UNUSED     ; Untyped              ;
; LPM_FFTYPE             ; DFF        ; Untyped              ;
; DEVICE_FAMILY          ; Cyclone II ; Untyped              ;
; CBXI_PARAMETER         ; NOTHING    ; Untyped              ;
; AUTO_CARRY_CHAINS      ; ON         ; AUTO_CARRY           ;
; IGNORE_CARRY_BUFFERS   ; OFF        ; IGNORE_CARRY         ;
; AUTO_CASCADE_CHAINS    ; ON         ; AUTO_CASCADE         ;
; IGNORE_CASCADE_BUFFERS ; OFF        ; IGNORE_CASCADE       ;
+------------------------+------------+----------------------+
Note: In order to hide this table in the UI and the text report file, please set the "Show Parameter Settings in Synthesis Report" option in "Analysis and Synthesis Settings -> More Settings" to "Off".


+------------------------------------------------------------+
; Parameter Settings for User Entity Instance: LPM_FF:inst52 ;
+------------------------+------------+----------------------+
; Parameter Name         ; Value      ; Type                 ;
+------------------------+------------+----------------------+
; LPM_WIDTH              ; 32         ; Untyped              ;
; LPM_AVALUE             ; UNUSED     ; Untyped              ;
; LPM_SVALUE             ; UNUSED     ; Untyped              ;
; LPM_FFTYPE             ; DFF        ; Untyped              ;
; DEVICE_FAMILY          ; Cyclone II ; Untyped              ;
; CBXI_PARAMETER         ; NOTHING    ; Untyped              ;
; AUTO_CARRY_CHAINS      ; ON         ; AUTO_CARRY           ;
; IGNORE_CARRY_BUFFERS   ; OFF        ; IGNORE_CARRY         ;
; AUTO_CASCADE_CHAINS    ; ON         ; AUTO_CASCADE         ;
; IGNORE_CASCADE_BUFFERS ; OFF        ; IGNORE_CASCADE       ;
+------------------------+------------+----------------------+
Note: In order to hide this table in the UI and the text report file, please set the "Show Parameter Settings in Synthesis Report" option in "Analysis and Synthesis Settings -> More Settings" to "Off".


+------------------------------------------------------------+
; Parameter Settings for User Entity Instance: LPM_FF:inst55 ;
+------------------------+------------+----------------------+
; Parameter Name         ; Value      ; Type                 ;
+------------------------+------------+----------------------+
; LPM_WIDTH              ; 32         ; Untyped              ;
; LPM_AVALUE             ; UNUSED     ; Untyped              ;
; LPM_SVALUE             ; UNUSED     ; Untyped              ;
; LPM_FFTYPE             ; DFF        ; Untyped              ;
; DEVICE_FAMILY          ; Cyclone II ; Untyped              ;
; CBXI_PARAMETER         ; NOTHING    ; Untyped              ;
; AUTO_CARRY_CHAINS      ; ON         ; AUTO_CARRY           ;
; IGNORE_CARRY_BUFFERS   ; OFF        ; IGNORE_CARRY         ;
; AUTO_CASCADE_CHAINS    ; ON         ; AUTO_CASCADE         ;
; IGNORE_CASCADE_BUFFERS ; OFF        ; IGNORE_CASCADE       ;
+------------------------+------------+----------------------+
Note: In order to hide this table in the UI and the text report file, please set the "Show Parameter Settings in Synthesis Report" option in "Analysis and Synthesis Settings -> More Settings" to "Off".


+------------------------------------------------------------+
; Parameter Settings for User Entity Instance: LPM_FF:inst58 ;
+------------------------+------------+----------------------+
; Parameter Name         ; Value      ; Type                 ;
+------------------------+------------+----------------------+
; LPM_WIDTH              ; 32         ; Untyped              ;
; LPM_AVALUE             ; UNUSED     ; Untyped              ;
; LPM_SVALUE             ; UNUSED     ; Untyped              ;
; LPM_FFTYPE             ; DFF        ; Untyped              ;
; DEVICE_FAMILY          ; Cyclone II ; Untyped              ;
; CBXI_PARAMETER         ; NOTHING    ; Untyped              ;
; AUTO_CARRY_CHAINS      ; ON         ; AUTO_CARRY           ;
; IGNORE_CARRY_BUFFERS   ; OFF        ; IGNORE_CARRY         ;
; AUTO_CASCADE_CHAINS    ; ON         ; AUTO_CASCADE         ;
; IGNORE_CASCADE_BUFFERS ; OFF        ; IGNORE_CASCADE       ;
+------------------------+------------+----------------------+
Note: In order to hide this table in the UI and the text report file, please set the "Show Parameter Settings in Synthesis Report" option in "Analysis and Synthesis Settings -> More Settings" to "Off".


+------------------------------------------------------------+
; Parameter Settings for User Entity Instance: LPM_FF:inst61 ;
+------------------------+------------+----------------------+
; Parameter Name         ; Value      ; Type                 ;
+------------------------+------------+----------------------+
; LPM_WIDTH              ; 32         ; Untyped              ;
; LPM_AVALUE             ; UNUSED     ; Untyped              ;
; LPM_SVALUE             ; UNUSED     ; Untyped              ;
; LPM_FFTYPE             ; DFF        ; Untyped              ;
; DEVICE_FAMILY          ; Cyclone II ; Untyped              ;
; CBXI_PARAMETER         ; NOTHING    ; Untyped              ;
; AUTO_CARRY_CHAINS      ; ON         ; AUTO_CARRY           ;
; IGNORE_CARRY_BUFFERS   ; OFF        ; IGNORE_CARRY         ;
; AUTO_CASCADE_CHAINS    ; ON         ; AUTO_CASCADE         ;
; IGNORE_CASCADE_BUFFERS ; OFF        ; IGNORE_CASCADE       ;
+------------------------+------------+----------------------+
Note: In order to hide this table in the UI and the text report file, please set the "Show Parameter Settings in Synthesis Report" option in "Analysis and Synthesis Settings -> More Settings" to "Off".


+------------------------------------------------------------+
; Parameter Settings for User Entity Instance: LPM_FF:inst64 ;
+------------------------+------------+----------------------+
; Parameter Name         ; Value      ; Type                 ;
+------------------------+------------+----------------------+
; LPM_WIDTH              ; 32         ; Untyped              ;
; LPM_AVALUE             ; UNUSED     ; Untyped              ;
; LPM_SVALUE             ; UNUSED     ; Untyped              ;
; LPM_FFTYPE             ; DFF        ; Untyped              ;
; DEVICE_FAMILY          ; Cyclone II ; Untyped              ;
; CBXI_PARAMETER         ; NOTHING    ; Untyped              ;
; AUTO_CARRY_CHAINS      ; ON         ; AUTO_CARRY           ;
; IGNORE_CARRY_BUFFERS   ; OFF        ; IGNORE_CARRY         ;
; AUTO_CASCADE_CHAINS    ; ON         ; AUTO_CASCADE         ;
; IGNORE_CASCADE_BUFFERS ; OFF        ; IGNORE_CASCADE       ;
+------------------------+------------+----------------------+
Note: In order to hide this table in the UI and the text report file, please set the "Show Parameter Settings in Synthesis Report" option in "Analysis and Synthesis Settings -> More Settings" to "Off".


+------------------------------------------------------------+
; Parameter Settings for User Entity Instance: LPM_FF:inst67 ;
+------------------------+------------+----------------------+
; Parameter Name         ; Value      ; Type                 ;
+------------------------+------------+----------------------+
; LPM_WIDTH              ; 32         ; Untyped              ;
; LPM_AVALUE             ; UNUSED     ; Untyped              ;
; LPM_SVALUE             ; UNUSED     ; Untyped              ;
; LPM_FFTYPE             ; DFF        ; Untyped              ;
; DEVICE_FAMILY          ; Cyclone II ; Untyped              ;
; CBXI_PARAMETER         ; NOTHING    ; Untyped              ;
; AUTO_CARRY_CHAINS      ; ON         ; AUTO_CARRY           ;
; IGNORE_CARRY_BUFFERS   ; OFF        ; IGNORE_CARRY         ;
; AUTO_CASCADE_CHAINS    ; ON         ; AUTO_CASCADE         ;
; IGNORE_CASCADE_BUFFERS ; OFF        ; IGNORE_CASCADE       ;
+------------------------+------------+----------------------+
Note: In order to hide this table in the UI and the text report file, please set the "Show Parameter Settings in Synthesis Report" option in "Analysis and Synthesis Settings -> More Settings" to "Off".


+------------------------------------------------------------+
; Parameter Settings for User Entity Instance: LPM_FF:inst14 ;
+------------------------+------------+----------------------+
; Parameter Name         ; Value      ; Type                 ;
+------------------------+------------+----------------------+
; LPM_WIDTH              ; 32         ; Untyped              ;
; LPM_AVALUE             ; UNUSED     ; Untyped              ;
; LPM_SVALUE             ; UNUSED     ; Untyped              ;
; LPM_FFTYPE             ; DFF        ; Untyped              ;
; DEVICE_FAMILY          ; Cyclone II ; Untyped              ;
; CBXI_PARAMETER         ; NOTHING    ; Untyped              ;
; AUTO_CARRY_CHAINS      ; ON         ; AUTO_CARRY           ;
; IGNORE_CARRY_BUFFERS   ; OFF        ; IGNORE_CARRY         ;
; AUTO_CASCADE_CHAINS    ; ON         ; AUTO_CASCADE         ;
; IGNORE_CASCADE_BUFFERS ; OFF        ; IGNORE_CASCADE       ;
+------------------------+------------+----------------------+
Note: In order to hide this table in the UI and the text report file, please set the "Show Parameter Settings in Synthesis Report" option in "Analysis and Synthesis Settings -> More Settings" to "Off".


+------------------------------------------------------------+
; Parameter Settings for User Entity Instance: LPM_FF:inst70 ;
+------------------------+------------+----------------------+
; Parameter Name         ; Value      ; Type                 ;
+------------------------+------------+----------------------+
; LPM_WIDTH              ; 32         ; Untyped              ;
; LPM_AVALUE             ; UNUSED     ; Untyped              ;
; LPM_SVALUE             ; UNUSED     ; Untyped              ;
; LPM_FFTYPE             ; DFF        ; Untyped              ;
; DEVICE_FAMILY          ; Cyclone II ; Untyped              ;
; CBXI_PARAMETER         ; NOTHING    ; Untyped              ;
; AUTO_CARRY_CHAINS      ; ON         ; AUTO_CARRY           ;
; IGNORE_CARRY_BUFFERS   ; OFF        ; IGNORE_CARRY         ;
; AUTO_CASCADE_CHAINS    ; ON         ; AUTO_CASCADE         ;
; IGNORE_CASCADE_BUFFERS ; OFF        ; IGNORE_CASCADE       ;
+------------------------+------------+----------------------+
Note: In order to hide this table in the UI and the text report file, please set the "Show Parameter Settings in Synthesis Report" option in "Analysis and Synthesis Settings -> More Settings" to "Off".


+------------------------------------------------------------+
; Parameter Settings for User Entity Instance: LPM_FF:inst73 ;
+------------------------+------------+----------------------+
; Parameter Name         ; Value      ; Type                 ;
+------------------------+------------+----------------------+
; LPM_WIDTH              ; 32         ; Untyped              ;
; LPM_AVALUE             ; UNUSED     ; Untyped              ;
; LPM_SVALUE             ; UNUSED     ; Untyped              ;
; LPM_FFTYPE             ; DFF        ; Untyped              ;
; DEVICE_FAMILY          ; Cyclone II ; Untyped              ;
; CBXI_PARAMETER         ; NOTHING    ; Untyped              ;
; AUTO_CARRY_CHAINS      ; ON         ; AUTO_CARRY           ;
; IGNORE_CARRY_BUFFERS   ; OFF        ; IGNORE_CARRY         ;
; AUTO_CASCADE_CHAINS    ; ON         ; AUTO_CASCADE         ;
; IGNORE_CASCADE_BUFFERS ; OFF        ; IGNORE_CASCADE       ;
+------------------------+------------+----------------------+
Note: In order to hide this table in the UI and the text report file, please set the "Show Parameter Settings in Synthesis Report" option in "Analysis and Synthesis Settings -> More Settings" to "Off".


+------------------------------------------------------------+
; Parameter Settings for User Entity Instance: LPM_FF:inst76 ;
+------------------------+------------+----------------------+
; Parameter Name         ; Value      ; Type                 ;
+------------------------+------------+----------------------+
; LPM_WIDTH              ; 32         ; Untyped              ;
; LPM_AVALUE             ; UNUSED     ; Untyped              ;
; LPM_SVALUE             ; UNUSED     ; Untyped              ;
; LPM_FFTYPE             ; DFF        ; Untyped              ;
; DEVICE_FAMILY          ; Cyclone II ; Untyped              ;
; CBXI_PARAMETER         ; NOTHING    ; Untyped              ;
; AUTO_CARRY_CHAINS      ; ON         ; AUTO_CARRY           ;
; IGNORE_CARRY_BUFFERS   ; OFF        ; IGNORE_CARRY         ;
; AUTO_CASCADE_CHAINS    ; ON         ; AUTO_CASCADE         ;
; IGNORE_CASCADE_BUFFERS ; OFF        ; IGNORE_CASCADE       ;
+------------------------+------------+----------------------+
Note: In order to hide this table in the UI and the text report file, please set the "Show Parameter Settings in Synthesis Report" option in "Analysis and Synthesis Settings -> More Settings" to "Off".


+------------------------------------------------------------+
; Parameter Settings for User Entity Instance: LPM_FF:inst79 ;
+------------------------+------------+----------------------+
; Parameter Name         ; Value      ; Type                 ;
+------------------------+------------+----------------------+
; LPM_WIDTH              ; 32         ; Untyped              ;
; LPM_AVALUE             ; UNUSED     ; Untyped              ;
; LPM_SVALUE             ; UNUSED     ; Untyped              ;
; LPM_FFTYPE             ; DFF        ; Untyped              ;
; DEVICE_FAMILY          ; Cyclone II ; Untyped              ;
; CBXI_PARAMETER         ; NOTHING    ; Untyped              ;
; AUTO_CARRY_CHAINS      ; ON         ; AUTO_CARRY           ;
; IGNORE_CARRY_BUFFERS   ; OFF        ; IGNORE_CARRY         ;
; AUTO_CASCADE_CHAINS    ; ON         ; AUTO_CASCADE         ;
; IGNORE_CASCADE_BUFFERS ; OFF        ; IGNORE_CASCADE       ;
+------------------------+------------+----------------------+
Note: In order to hide this table in the UI and the text report file, please set the "Show Parameter Settings in Synthesis Report" option in "Analysis and Synthesis Settings -> More Settings" to "Off".


+------------------------------------------------------------+
; Parameter Settings for User Entity Instance: LPM_FF:inst82 ;
+------------------------+------------+----------------------+
; Parameter Name         ; Value      ; Type                 ;
+------------------------+------------+----------------------+
; LPM_WIDTH              ; 32         ; Untyped              ;
; LPM_AVALUE             ; UNUSED     ; Untyped              ;
; LPM_SVALUE             ; UNUSED     ; Untyped              ;
; LPM_FFTYPE             ; DFF        ; Untyped              ;
; DEVICE_FAMILY          ; Cyclone II ; Untyped              ;
; CBXI_PARAMETER         ; NOTHING    ; Untyped              ;
; AUTO_CARRY_CHAINS      ; ON         ; AUTO_CARRY           ;
; IGNORE_CARRY_BUFFERS   ; OFF        ; IGNORE_CARRY         ;
; AUTO_CASCADE_CHAINS    ; ON         ; AUTO_CASCADE         ;
; IGNORE_CASCADE_BUFFERS ; OFF        ; IGNORE_CASCADE       ;
+------------------------+------------+----------------------+
Note: In order to hide this table in the UI and the text report file, please set the "Show Parameter Settings in Synthesis Report" option in "Analysis and Synthesis Settings -> More Settings" to "Off".


+------------------------------------------------------------+
; Parameter Settings for User Entity Instance: LPM_FF:inst85 ;
+------------------------+------------+----------------------+
; Parameter Name         ; Value      ; Type                 ;
+------------------------+------------+----------------------+
; LPM_WIDTH              ; 32         ; Untyped              ;
; LPM_AVALUE             ; UNUSED     ; Untyped              ;
; LPM_SVALUE             ; UNUSED     ; Untyped              ;
; LPM_FFTYPE             ; DFF        ; Untyped              ;
; DEVICE_FAMILY          ; Cyclone II ; Untyped              ;
; CBXI_PARAMETER         ; NOTHING    ; Untyped              ;
; AUTO_CARRY_CHAINS      ; ON         ; AUTO_CARRY           ;
; IGNORE_CARRY_BUFFERS   ; OFF        ; IGNORE_CARRY         ;
; AUTO_CASCADE_CHAINS    ; ON         ; AUTO_CASCADE         ;
; IGNORE_CASCADE_BUFFERS ; OFF        ; IGNORE_CASCADE       ;
+------------------------+------------+----------------------+
Note: In order to hide this table in the UI and the text report file, please set the "Show Parameter Settings in Synthesis Report" option in "Analysis and Synthesis Settings -> More Settings" to "Off".


+------------------------------------------------------------+
; Parameter Settings for User Entity Instance: LPM_FF:inst88 ;
+------------------------+------------+----------------------+
; Parameter Name         ; Value      ; Type                 ;
+------------------------+------------+----------------------+
; LPM_WIDTH              ; 32         ; Untyped              ;
; LPM_AVALUE             ; UNUSED     ; Untyped              ;
; LPM_SVALUE             ; UNUSED     ; Untyped              ;
; LPM_FFTYPE             ; DFF        ; Untyped              ;
; DEVICE_FAMILY          ; Cyclone II ; Untyped              ;
; CBXI_PARAMETER         ; NOTHING    ; Untyped              ;
; AUTO_CARRY_CHAINS      ; ON         ; AUTO_CARRY           ;
; IGNORE_CARRY_BUFFERS   ; OFF        ; IGNORE_CARRY         ;
; AUTO_CASCADE_CHAINS    ; ON         ; AUTO_CASCADE         ;
; IGNORE_CASCADE_BUFFERS ; OFF        ; IGNORE_CASCADE       ;
+------------------------+------------+----------------------+
Note: In order to hide this table in the UI and the text report file, please set the "Show Parameter Settings in Synthesis Report" option in "Analysis and Synthesis Settings -> More Settings" to "Off".


+------------------------------------------------------------+
; Parameter Settings for User Entity Instance: LPM_FF:inst91 ;
+------------------------+------------+----------------------+
; Parameter Name         ; Value      ; Type                 ;
+------------------------+------------+----------------------+
; LPM_WIDTH              ; 32         ; Untyped              ;
; LPM_AVALUE             ; UNUSED     ; Untyped              ;
; LPM_SVALUE             ; UNUSED     ; Untyped              ;
; LPM_FFTYPE             ; DFF        ; Untyped              ;
; DEVICE_FAMILY          ; Cyclone II ; Untyped              ;
; CBXI_PARAMETER         ; NOTHING    ; Untyped              ;
; AUTO_CARRY_CHAINS      ; ON         ; AUTO_CARRY           ;
; IGNORE_CARRY_BUFFERS   ; OFF        ; IGNORE_CARRY         ;
; AUTO_CASCADE_CHAINS    ; ON         ; AUTO_CASCADE         ;
; IGNORE_CASCADE_BUFFERS ; OFF        ; IGNORE_CASCADE       ;
+------------------------+------------+----------------------+
Note: In order to hide this table in the UI and the text report file, please set the "Show Parameter Settings in Synthesis Report" option in "Analysis and Synthesis Settings -> More Settings" to "Off".


+------------------------------------------------------------+
; Parameter Settings for User Entity Instance: LPM_FF:inst94 ;
+------------------------+------------+----------------------+
; Parameter Name         ; Value      ; Type                 ;
+------------------------+------------+----------------------+
; LPM_WIDTH              ; 32         ; Untyped              ;
; LPM_AVALUE             ; UNUSED     ; Untyped              ;
; LPM_SVALUE             ; UNUSED     ; Untyped              ;
; LPM_FFTYPE             ; DFF        ; Untyped              ;
; DEVICE_FAMILY          ; Cyclone II ; Untyped              ;
; CBXI_PARAMETER         ; NOTHING    ; Untyped              ;
; AUTO_CARRY_CHAINS      ; ON         ; AUTO_CARRY           ;
; IGNORE_CARRY_BUFFERS   ; OFF        ; IGNORE_CARRY         ;
; AUTO_CASCADE_CHAINS    ; ON         ; AUTO_CASCADE         ;
; IGNORE_CASCADE_BUFFERS ; OFF        ; IGNORE_CASCADE       ;
+------------------------+------------+----------------------+
Note: In order to hide this table in the UI and the text report file, please set the "Show Parameter Settings in Synthesis Report" option in "Analysis and Synthesis Settings -> More Settings" to "Off".


+------------------------------------------------------------+
; Parameter Settings for User Entity Instance: LPM_FF:inst97 ;
+------------------------+------------+----------------------+
; Parameter Name         ; Value      ; Type                 ;
+------------------------+------------+----------------------+
; LPM_WIDTH              ; 32         ; Untyped              ;
; LPM_AVALUE             ; UNUSED     ; Untyped              ;
; LPM_SVALUE             ; UNUSED     ; Untyped              ;
; LPM_FFTYPE             ; DFF        ; Untyped              ;
; DEVICE_FAMILY          ; Cyclone II ; Untyped              ;
; CBXI_PARAMETER         ; NOTHING    ; Untyped              ;
; AUTO_CARRY_CHAINS      ; ON         ; AUTO_CARRY           ;
; IGNORE_CARRY_BUFFERS   ; OFF        ; IGNORE_CARRY         ;
; AUTO_CASCADE_CHAINS    ; ON         ; AUTO_CASCADE         ;
; IGNORE_CASCADE_BUFFERS ; OFF        ; IGNORE_CASCADE       ;
+------------------------+------------+----------------------+
Note: In order to hide this table in the UI and the text report file, please set the "Show Parameter Settings in Synthesis Report" option in "Analysis and Synthesis Settings -> More Settings" to "Off".


+------------------------------------------------------------+
; Parameter Settings for User Entity Instance: LPM_FF:inst15 ;
+------------------------+------------+----------------------+
; Parameter Name         ; Value      ; Type                 ;
+------------------------+------------+----------------------+
; LPM_WIDTH              ; 32         ; Untyped              ;
; LPM_AVALUE             ; UNUSED     ; Untyped              ;
; LPM_SVALUE             ; UNUSED     ; Untyped              ;
; LPM_FFTYPE             ; DFF        ; Untyped              ;
; DEVICE_FAMILY          ; Cyclone II ; Untyped              ;
; CBXI_PARAMETER         ; NOTHING    ; Untyped              ;
; AUTO_CARRY_CHAINS      ; ON         ; AUTO_CARRY           ;
; IGNORE_CARRY_BUFFERS   ; OFF        ; IGNORE_CARRY         ;
; AUTO_CASCADE_CHAINS    ; ON         ; AUTO_CASCADE         ;
; IGNORE_CASCADE_BUFFERS ; OFF        ; IGNORE_CASCADE       ;
+------------------------+------------+----------------------+
Note: In order to hide this table in the UI and the text report file, please set the "Show Parameter Settings in Synthesis Report" option in "Analysis and Synthesis Settings -> More Settings" to "Off".


+-------------------------------------------------------------+
; Parameter Settings for User Entity Instance: LPM_FF:inst100 ;
+------------------------+------------+-----------------------+
; Parameter Name         ; Value      ; Type                  ;
+------------------------+------------+-----------------------+
; LPM_WIDTH              ; 32         ; Untyped               ;
; LPM_AVALUE             ; UNUSED     ; Untyped               ;
; LPM_SVALUE             ; UNUSED     ; Untyped               ;
; LPM_FFTYPE             ; DFF        ; Untyped               ;
; DEVICE_FAMILY          ; Cyclone II ; Untyped               ;
; CBXI_PARAMETER         ; NOTHING    ; Untyped               ;
; AUTO_CARRY_CHAINS      ; ON         ; AUTO_CARRY            ;
; IGNORE_CARRY_BUFFERS   ; OFF        ; IGNORE_CARRY          ;
; AUTO_CASCADE_CHAINS    ; ON         ; AUTO_CASCADE          ;
; IGNORE_CASCADE_BUFFERS ; OFF        ; IGNORE_CASCADE        ;
+------------------------+------------+-----------------------+
Note: In order to hide this table in the UI and the text report file, please set the "Show Parameter Settings in Synthesis Report" option in "Analysis and Synthesis Settings -> More Settings" to "Off".


+-------------------------------------------------------------+
; Parameter Settings for User Entity Instance: LPM_FF:inst103 ;
+------------------------+------------+-----------------------+
; Parameter Name         ; Value      ; Type                  ;
+------------------------+------------+-----------------------+
; LPM_WIDTH              ; 32         ; Untyped               ;
; LPM_AVALUE             ; UNUSED     ; Untyped               ;
; LPM_SVALUE             ; UNUSED     ; Untyped               ;
; LPM_FFTYPE             ; DFF        ; Untyped               ;
; DEVICE_FAMILY          ; Cyclone II ; Untyped               ;
; CBXI_PARAMETER         ; NOTHING    ; Untyped               ;
; AUTO_CARRY_CHAINS      ; ON         ; AUTO_CARRY            ;
; IGNORE_CARRY_BUFFERS   ; OFF        ; IGNORE_CARRY          ;
; AUTO_CASCADE_CHAINS    ; ON         ; AUTO_CASCADE          ;
; IGNORE_CASCADE_BUFFERS ; OFF        ; IGNORE_CASCADE        ;
+------------------------+------------+-----------------------+
Note: In order to hide this table in the UI and the text report file, please set the "Show Parameter Settings in Synthesis Report" option in "Analysis and Synthesis Settings -> More Settings" to "Off".


+------------------------------------------------------------+
; Parameter Settings for User Entity Instance: LPM_FF:inst21 ;
+------------------------+------------+----------------------+
; Parameter Name         ; Value      ; Type                 ;
+------------------------+------------+----------------------+
; LPM_WIDTH              ; 32         ; Untyped              ;
; LPM_AVALUE             ; UNUSED     ; Untyped              ;
; LPM_SVALUE             ; UNUSED     ; Untyped              ;
; LPM_FFTYPE             ; DFF        ; Untyped              ;
; DEVICE_FAMILY          ; Cyclone II ; Untyped              ;
; CBXI_PARAMETER         ; NOTHING    ; Untyped              ;
; AUTO_CARRY_CHAINS      ; ON         ; AUTO_CARRY           ;
; IGNORE_CARRY_BUFFERS   ; OFF        ; IGNORE_CARRY         ;
; AUTO_CASCADE_CHAINS    ; ON         ; AUTO_CASCADE         ;
; IGNORE_CASCADE_BUFFERS ; OFF        ; IGNORE_CASCADE       ;
+------------------------+------------+----------------------+
Note: In order to hide this table in the UI and the text report file, please set the "Show Parameter Settings in Synthesis Report" option in "Analysis and Synthesis Settings -> More Settings" to "Off".


+------------------------------------------------------------+
; Parameter Settings for User Entity Instance: LPM_FF:inst23 ;
+------------------------+------------+----------------------+
; Parameter Name         ; Value      ; Type                 ;
+------------------------+------------+----------------------+
; LPM_WIDTH              ; 32         ; Untyped              ;
; LPM_AVALUE             ; UNUSED     ; Untyped              ;
; LPM_SVALUE             ; UNUSED     ; Untyped              ;
; LPM_FFTYPE             ; DFF        ; Untyped              ;
; DEVICE_FAMILY          ; Cyclone II ; Untyped              ;
; CBXI_PARAMETER         ; NOTHING    ; Untyped              ;
; AUTO_CARRY_CHAINS      ; ON         ; AUTO_CARRY           ;
; IGNORE_CARRY_BUFFERS   ; OFF        ; IGNORE_CARRY         ;
; AUTO_CASCADE_CHAINS    ; ON         ; AUTO_CASCADE         ;
; IGNORE_CASCADE_BUFFERS ; OFF        ; IGNORE_CASCADE       ;
+------------------------+------------+----------------------+
Note: In order to hide this table in the UI and the text report file, please set the "Show Parameter Settings in Synthesis Report" option in "Analysis and Synthesis Settings -> More Settings" to "Off".


+------------------------------------------------------------+
; Parameter Settings for User Entity Instance: LPM_FF:inst25 ;
+------------------------+------------+----------------------+
; Parameter Name         ; Value      ; Type                 ;
+------------------------+------------+----------------------+
; LPM_WIDTH              ; 32         ; Untyped              ;
; LPM_AVALUE             ; UNUSED     ; Untyped              ;
; LPM_SVALUE             ; UNUSED     ; Untyped              ;
; LPM_FFTYPE             ; DFF        ; Untyped              ;
; DEVICE_FAMILY          ; Cyclone II ; Untyped              ;
; CBXI_PARAMETER         ; NOTHING    ; Untyped              ;
; AUTO_CARRY_CHAINS      ; ON         ; AUTO_CARRY           ;
; IGNORE_CARRY_BUFFERS   ; OFF        ; IGNORE_CARRY         ;
; AUTO_CASCADE_CHAINS    ; ON         ; AUTO_CASCADE         ;
; IGNORE_CASCADE_BUFFERS ; OFF        ; IGNORE_CASCADE       ;
+------------------------+------------+----------------------+
Note: In order to hide this table in the UI and the text report file, please set the "Show Parameter Settings in Synthesis Report" option in "Analysis and Synthesis Settings -> More Settings" to "Off".


+------------------------------------------------------------+
; Parameter Settings for User Entity Instance: LPM_FF:inst28 ;
+------------------------+------------+----------------------+
; Parameter Name         ; Value      ; Type                 ;
+------------------------+------------+----------------------+
; LPM_WIDTH              ; 32         ; Untyped              ;
; LPM_AVALUE             ; UNUSED     ; Untyped              ;
; LPM_SVALUE             ; UNUSED     ; Untyped              ;
; LPM_FFTYPE             ; DFF        ; Untyped              ;
; DEVICE_FAMILY          ; Cyclone II ; Untyped              ;
; CBXI_PARAMETER         ; NOTHING    ; Untyped              ;
; AUTO_CARRY_CHAINS      ; ON         ; AUTO_CARRY           ;
; IGNORE_CARRY_BUFFERS   ; OFF        ; IGNORE_CARRY         ;
; AUTO_CASCADE_CHAINS    ; ON         ; AUTO_CASCADE         ;
; IGNORE_CASCADE_BUFFERS ; OFF        ; IGNORE_CASCADE       ;
+------------------------+------------+----------------------+
Note: In order to hide this table in the UI and the text report file, please set the "Show Parameter Settings in Synthesis Report" option in "Analysis and Synthesis Settings -> More Settings" to "Off".


+------------------------------------------------------------+
; Parameter Settings for User Entity Instance: LPM_FF:inst31 ;
+------------------------+------------+----------------------+
; Parameter Name         ; Value      ; Type                 ;
+------------------------+------------+----------------------+
; LPM_WIDTH              ; 32         ; Untyped              ;
; LPM_AVALUE             ; UNUSED     ; Untyped              ;
; LPM_SVALUE             ; UNUSED     ; Untyped              ;
; LPM_FFTYPE             ; DFF        ; Untyped              ;
; DEVICE_FAMILY          ; Cyclone II ; Untyped              ;
; CBXI_PARAMETER         ; NOTHING    ; Untyped              ;
; AUTO_CARRY_CHAINS      ; ON         ; AUTO_CARRY           ;
; IGNORE_CARRY_BUFFERS   ; OFF        ; IGNORE_CARRY         ;
; AUTO_CASCADE_CHAINS    ; ON         ; AUTO_CASCADE         ;
; IGNORE_CASCADE_BUFFERS ; OFF        ; IGNORE_CASCADE       ;
+------------------------+------------+----------------------+
Note: In order to hide this table in the UI and the text report file, please set the "Show Parameter Settings in Synthesis Report" option in "Analysis and Synthesis Settings -> More Settings" to "Off".


+------------------------------------------------------------+
; Parameter Settings for User Entity Instance: LPM_FF:inst34 ;
+------------------------+------------+----------------------+
; Parameter Name         ; Value      ; Type                 ;
+------------------------+------------+----------------------+
; LPM_WIDTH              ; 32         ; Untyped              ;
; LPM_AVALUE             ; UNUSED     ; Untyped              ;
; LPM_SVALUE             ; UNUSED     ; Untyped              ;
; LPM_FFTYPE             ; DFF        ; Untyped              ;
; DEVICE_FAMILY          ; Cyclone II ; Untyped              ;
; CBXI_PARAMETER         ; NOTHING    ; Untyped              ;
; AUTO_CARRY_CHAINS      ; ON         ; AUTO_CARRY           ;
; IGNORE_CARRY_BUFFERS   ; OFF        ; IGNORE_CARRY         ;
; AUTO_CASCADE_CHAINS    ; ON         ; AUTO_CASCADE         ;
; IGNORE_CASCADE_BUFFERS ; OFF        ; IGNORE_CASCADE       ;
+------------------------+------------+----------------------+
Note: In order to hide this table in the UI and the text report file, please set the "Show Parameter Settings in Synthesis Report" option in "Analysis and Synthesis Settings -> More Settings" to "Off".


+------------------------------------------------------------+
; Parameter Settings for User Entity Instance: LPM_FF:inst37 ;
+------------------------+------------+----------------------+
; Parameter Name         ; Value      ; Type                 ;
+------------------------+------------+----------------------+
; LPM_WIDTH              ; 32         ; Untyped              ;
; LPM_AVALUE             ; UNUSED     ; Untyped              ;
; LPM_SVALUE             ; UNUSED     ; Untyped              ;
; LPM_FFTYPE             ; DFF        ; Untyped              ;
; DEVICE_FAMILY          ; Cyclone II ; Untyped              ;
; CBXI_PARAMETER         ; NOTHING    ; Untyped              ;
; AUTO_CARRY_CHAINS      ; ON         ; AUTO_CARRY           ;
; IGNORE_CARRY_BUFFERS   ; OFF        ; IGNORE_CARRY         ;
; AUTO_CASCADE_CHAINS    ; ON         ; AUTO_CASCADE         ;
; IGNORE_CASCADE_BUFFERS ; OFF        ; IGNORE_CASCADE       ;
+------------------------+------------+----------------------+
Note: In order to hide this table in the UI and the text report file, please set the "Show Parameter Settings in Synthesis Report" option in "Analysis and Synthesis Settings -> More Settings" to "Off".


+-----------------------------------------------------------------------------------------+
; Parameter Settings for User Entity Instance: lpm_mux0:inst106|LPM_MUX:LPM_MUX_component ;
+------------------------+------------+---------------------------------------------------+
; Parameter Name         ; Value      ; Type                                              ;
+------------------------+------------+---------------------------------------------------+
; AUTO_CARRY_CHAINS      ; ON         ; AUTO_CARRY                                        ;
; IGNORE_CARRY_BUFFERS   ; OFF        ; IGNORE_CARRY                                      ;
; AUTO_CASCADE_CHAINS    ; ON         ; AUTO_CASCADE                                      ;
; IGNORE_CASCADE_BUFFERS ; OFF        ; IGNORE_CASCADE                                    ;
; LPM_WIDTH              ; 32         ; Signed Integer                                    ;
; LPM_SIZE               ; 32         ; Signed Integer                                    ;
; LPM_WIDTHS             ; 5          ; Signed Integer                                    ;
; LPM_PIPELINE           ; 0          ; Signed Integer                                    ;
; CBXI_PARAMETER         ; mux_b6e    ; Untyped                                           ;
; DEVICE_FAMILY          ; Cyclone II ; Untyped                                           ;
+------------------------+------------+---------------------------------------------------+
Note: In order to hide this table in the UI and the text report file, please set the "Show Parameter Settings in Synthesis Report" option in "Analysis and Synthesis Settings -> More Settings" to "Off".


+-------------------------------+
; Elapsed Time Per Partition    ;
+----------------+--------------+
; Partition Name ; Elapsed Time ;
+----------------+--------------+
; Top            ; 00:00:08     ;
+----------------+--------------+


+-------------------------------+
; Analysis & Synthesis Messages ;
+-------------------------------+
Info: *******************************************************************
Info: Running Quartus II 64-Bit Analysis & Synthesis
    Info: Version 13.0.1 Build 232 06/12/2013 Service Pack 1 SJ Web Edition
    Info: Processing started: Mon Jul 13 20:04:50 2020
Info: Command: quartus_map --read_settings_files=on --write_settings_files=off RegisterFile -c RegisterFile
Warning (20028): Parallel compilation is not licensed and has been disabled
Info (12021): Found 1 design units, including 1 entities, in source file registerfile.bdf
    Info (12023): Found entity 1: RegisterFile
Info (12021): Found 2 design units, including 1 entities, in source file lpm_mux0.vhd
    Info (12022): Found design unit 1: lpm_mux0-SYN
    Info (12023): Found entity 1: lpm_mux0
Info (12021): Found 2 design units, including 1 entities, in source file lpm_decode1.vhd
    Info (12022): Found design unit 1: lpm_decode1-SYN
    Info (12023): Found entity 1: lpm_decode1
Info (12127): Elaborating entity "RegisterFile" for the top level hierarchy
Warning (275085): Found inconsistent dimensions for element "Write"
Warning (275085): Found inconsistent dimensions for element "Write"
Warning (275085): Found inconsistent dimensions for element "Write"
Warning (275085): Found inconsistent dimensions for element "Write"
Warning (275085): Found inconsistent dimensions for element "Write"
Warning (275085): Found inconsistent dimensions for element "Write"
Warning (275085): Found inconsistent dimensions for element "Write"
Warning (275085): Found inconsistent dimensions for element "Write"
Warning (275085): Found inconsistent dimensions for element "Write"
Warning (275085): Found inconsistent dimensions for element "Write"
Warning (275085): Found inconsistent dimensions for element "Write"
Warning (275085): Found inconsistent dimensions for element "Write"
Warning (275085): Found inconsistent dimensions for element "Write"
Warning (275085): Found inconsistent dimensions for element "Write"
Warning (275085): Found inconsistent dimensions for element "Write"
Warning (275085): Found inconsistent dimensions for element "Write"
Warning (275085): Found inconsistent dimensions for element "Write"
Warning (275085): Found inconsistent dimensions for element "Write"
Warning (275085): Found inconsistent dimensions for element "Write"
Warning (275085): Found inconsistent dimensions for element "Write"
Warning (275085): Found inconsistent dimensions for element "Write"
Warning (275085): Found inconsistent dimensions for element "Write"
Warning (275085): Found inconsistent dimensions for element "Write"
Warning (275085): Found inconsistent dimensions for element "Write"
Warning (275085): Found inconsistent dimensions for element "Write"
Warning (275085): Found inconsistent dimensions for element "Write"
Warning (275085): Found inconsistent dimensions for element "Write"
Warning (275085): Found inconsistent dimensions for element "Write"
Warning (275085): Found inconsistent dimensions for element "Write"
Warning (275085): Found inconsistent dimensions for element "Write"
Warning (275085): Found inconsistent dimensions for element "Write"
Warning (275085): Found inconsistent dimensions for element "Write"
Warning (275085): Found inconsistent dimensions for element "Write"
Warning (275080): Converted elements in bus name "Write" using legacy naming rules. Make any assignments on the new names, not on the original names.
    Warning (275081): Converted element name(s) from "Write[10]" to "Write10"
    Warning (275081): Converted element name(s) from "Write[11]" to "Write11"
    Warning (275081): Converted element name(s) from "Write[13]" to "Write13"
    Warning (275081): Converted element name(s) from "Write[12]" to "Write12"
    Warning (275081): Converted element name(s) from "Write[14]" to "Write14"
    Warning (275081): Converted element name(s) from "Write[15]" to "Write15"
    Warning (275081): Converted element name(s) from "Write[16]" to "Write16"
    Warning (275081): Converted element name(s) from "Write[17]" to "Write17"
    Warning (275081): Converted element name(s) from "Write[18]" to "Write18"
    Warning (275081): Converted element name(s) from "Write[19]" to "Write19"
    Warning (275081): Converted element name(s) from "Write[20]" to "Write20"
    Warning (275081): Converted element name(s) from "Write[21]" to "Write21"
    Warning (275081): Converted element name(s) from "Write[22]" to "Write22"
    Warning (275081): Converted element name(s) from "Write[23]" to "Write23"
    Warning (275081): Converted element name(s) from "Write[24]" to "Write24"
    Warning (275081): Converted element name(s) from "Write[25]" to "Write25"
    Warning (275081): Converted element name(s) from "Write[26]" to "Write26"
    Warning (275081): Converted element name(s) from "Write[27]" to "Write27"
    Warning (275081): Converted element name(s) from "Write[28]" to "Write28"
    Warning (275081): Converted element name(s) from "Write[29]" to "Write29"
    Warning (275081): Converted element name(s) from "Write[31]" to "Write31"
    Warning (275081): Converted element name(s) from "Write[30]" to "Write30"
    Warning (275081): Converted element name(s) from "Write[9]" to "Write9"
    Warning (275081): Converted element name(s) from "Write[8]" to "Write8"
    Warning (275081): Converted element name(s) from "Write[7]" to "Write7"
    Warning (275081): Converted element name(s) from "Write[6]" to "Write6"
    Warning (275081): Converted element name(s) from "Write[5]" to "Write5"
    Warning (275081): Converted element name(s) from "Write[4]" to "Write4"
    Warning (275081): Converted element name(s) from "Write[3]" to "Write3"
    Warning (275081): Converted element name(s) from "Write[2]" to "Write2"
    Warning (275081): Converted element name(s) from "Write[1]" to "Write1"
    Warning (275081): Converted element name(s) from "Write[0]" to "Write0"
    Warning (275081): Converted element name(s) from "Write[0]" to "Write0"
    Warning (275081): Converted element name(s) from "Write[1]" to "Write1"
    Warning (275081): Converted element name(s) from "Write[2]" to "Write2"
    Warning (275081): Converted element name(s) from "Write[3]" to "Write3"
    Warning (275081): Converted element name(s) from "Write[4]" to "Write4"
    Warning (275081): Converted element name(s) from "Write[5]" to "Write5"
    Warning (275081): Converted element name(s) from "Write[6]" to "Write6"
    Warning (275081): Converted element name(s) from "Write[7]" to "Write7"
    Warning (275081): Converted element name(s) from "Write[8]" to "Write8"
    Warning (275081): Converted element name(s) from "Write[9]" to "Write9"
    Warning (275081): Converted element name(s) from "Write[10]" to "Write10"
    Warning (275081): Converted element name(s) from "Write[11]" to "Write11"
    Warning (275081): Converted element name(s) from "Write[12]" to "Write12"
    Warning (275081): Converted element name(s) from "Write[13]" to "Write13"
    Warning (275081): Converted element name(s) from "Write[14]" to "Write14"
    Warning (275081): Converted element name(s) from "Write[15]" to "Write15"
    Warning (275081): Converted element name(s) from "Write[16]" to "Write16"
    Warning (275081): Converted element name(s) from "Write[17]" to "Write17"
    Warning (275081): Converted element name(s) from "Write[18]" to "Write18"
    Warning (275081): Converted element name(s) from "Write[19]" to "Write19"
    Warning (275081): Converted element name(s) from "Write[20]" to "Write20"
    Warning (275081): Converted element name(s) from "Write[21]" to "Write21"
    Warning (275081): Converted element name(s) from "Write[22]" to "Write22"
    Warning (275081): Converted element name(s) from "Write[23]" to "Write23"
    Warning (275081): Converted element name(s) from "Write[24]" to "Write24"
    Warning (275081): Converted element name(s) from "Write[25]" to "Write25"
    Warning (275081): Converted element name(s) from "Write[26]" to "Write26"
    Warning (275081): Converted element name(s) from "Write[27]" to "Write27"
    Warning (275081): Converted element name(s) from "Write[28]" to "Write28"
    Warning (275081): Converted element name(s) from "Write[29]" to "Write29"
    Warning (275081): Converted element name(s) from "Write[30]" to "Write30"
    Warning (275081): Converted element name(s) from "Write[31]" to "Write31"
Info (12128): Elaborating entity "lpm_mux0" for hierarchy "lpm_mux0:inst16"
Info (12128): Elaborating entity "LPM_MUX" for hierarchy "lpm_mux0:inst16|LPM_MUX:LPM_MUX_component"
Info (12130): Elaborated megafunction instantiation "lpm_mux0:inst16|LPM_MUX:LPM_MUX_component"
Info (12133): Instantiated megafunction "lpm_mux0:inst16|LPM_MUX:LPM_MUX_component" with the following parameter:
    Info (12134): Parameter "LPM_WIDTH" = "32"
    Info (12134): Parameter "LPM_SIZE" = "32"
    Info (12134): Parameter "LPM_WIDTHS" = "5"
    Info (12134): Parameter "LPM_PIPELINE" = "0"
    Info (12134): Parameter "LPM_TYPE" = "LPM_MUX"
    Info (12134): Parameter "LPM_HINT" = "UNUSED"
Info (12021): Found 1 design units, including 1 entities, in source file db/mux_b6e.tdf
    Info (12023): Found entity 1: mux_b6e
Info (12128): Elaborating entity "mux_b6e" for hierarchy "lpm_mux0:inst16|LPM_MUX:LPM_MUX_component|mux_b6e:auto_generated"
Info (12128): Elaborating entity "LPM_FF" for hierarchy "LPM_FF:inst13"
Info (12130): Elaborated megafunction instantiation "LPM_FF:inst13"
Info (12133): Instantiated megafunction "LPM_FF:inst13" with the following parameter:
    Info (12134): Parameter "LPM_FFTYPE" = "DFF"
    Info (12134): Parameter "LPM_WIDTH" = "32"
Info (12128): Elaborating entity "lpm_decode1" for hierarchy "lpm_decode1:inst"
Info (12128): Elaborating entity "lpm_decode" for hierarchy "lpm_decode1:inst|lpm_decode:LPM_DECODE_component"
Info (12130): Elaborated megafunction instantiation "lpm_decode1:inst|lpm_decode:LPM_DECODE_component"
Info (12133): Instantiated megafunction "lpm_decode1:inst|lpm_decode:LPM_DECODE_component" with the following parameter:
    Info (12134): Parameter "lpm_decodes" = "32"
    Info (12134): Parameter "lpm_type" = "LPM_DECODE"
    Info (12134): Parameter "lpm_width" = "5"
Info (12021): Found 1 design units, including 1 entities, in source file db/decode_b8f.tdf
    Info (12023): Found entity 1: decode_b8f
Info (12128): Elaborating entity "decode_b8f" for hierarchy "lpm_decode1:inst|lpm_decode:LPM_DECODE_component|decode_b8f:auto_generated"
Info (16010): Generating hard_block partition "hard_block:auto_generated_inst"
    Info (16011): Adding 0 node(s), including 0 DDIO, 0 PLL, 0 transceiver and 0 LCELL
Info (21057): Implemented 2728 device resources after synthesis - the final resource count might be different
    Info (21058): Implemented 50 input pins
    Info (21059): Implemented 64 output pins
    Info (21061): Implemented 2614 logic cells
Info: Quartus II 64-Bit Analysis & Synthesis was successful. 0 errors, 99 warnings
    Info: Peak virtual memory: 4701 megabytes
    Info: Processing ended: Mon Jul 13 20:05:04 2020
    Info: Elapsed time: 00:00:14
    Info: Total CPU time (on all processors): 00:00:13


