Flow report for Final_CPU
Wed Jul 22 09:43:12 2020
Quartus II 64-Bit Version 13.0.1 Build 232 06/12/2013 Service Pack 1 SJ Web Edition


---------------------
; Table of Contents ;
---------------------
  1. Legal Notice
  2. Flow Summary
  3. Flow Settings
  4. Flow Non-Default Global Settings
  5. Flow Elapsed Time
  6. Flow OS Summary
  7. Flow Log
  8. Flow Messages
  9. Flow Suppressed Messages



----------------
; Legal Notice ;
----------------
Copyright (C) 1991-2013 Altera Corporation
Your use of Altera Corporation's design tools, logic functions 
and other software and tools, and its AMPP partner logic 
functions, and any output files from any of the foregoing 
(including device programming or simulation files), and any 
associated documentation or information are expressly subject 
to the terms and conditions of the Altera Program License 
Subscription Agreement, Altera MegaCore Function License 
Agreement, or other applicable license agreement, including, 
without limitation, that your use is for the sole purpose of 
programming logic devices manufactured by Altera and sold by 
Altera or its authorized distributors.  Please refer to the 
applicable agreement for further details.



+--------------------------------------------------------------------------------------+
; Flow Summary                                                                         ;
+------------------------------------+-------------------------------------------------+
; Flow Status                        ; Successful - Wed Jul 22 09:43:07 2020           ;
; Quartus II 64-Bit Version          ; 13.0.1 Build 232 06/12/2013 SP 1 SJ Web Edition ;
; Revision Name                      ; Final_CPU                                       ;
; Top-level Entity Name              ; Final_CPU                                       ;
; Family                             ; Cyclone II                                      ;
; Total logic elements               ; 2,583 / 68,416 ( 4 % )                          ;
;     Total combinational functions  ; 2,414 / 68,416 ( 4 % )                          ;
;     Dedicated logic registers      ; 1,175 / 68,416 ( 2 % )                          ;
; Total registers                    ; 1175                                            ;
; Total pins                         ; 298 / 422 ( 71 % )                              ;
; Total virtual pins                 ; 0                                               ;
; Total memory bits                  ; 657,024 / 1,152,000 ( 57 % )                    ;
; Embedded Multiplier 9-bit elements ; 0 / 300 ( 0 % )                                 ;
; Total PLLs                         ; 0 / 4 ( 0 % )                                   ;
; Device                             ; EP2C70F672C6                                    ;
; Timing Models                      ; Final                                           ;
+------------------------------------+-------------------------------------------------+


+-----------------------------------------+
; Flow Settings                           ;
+-------------------+---------------------+
; Option            ; Setting             ;
+-------------------+---------------------+
; Start date & time ; 07/22/2020 09:41:56 ;
; Main task         ; Compilation         ;
; Revision Name     ; Final_CPU           ;
+-------------------+---------------------+


+------------------------------------------------------------------------------------------------------------------+
; Flow Non-Default Global Settings                                                                                 ;
+-------------------------------------+---------------------------------+---------------+-------------+------------+
; Assignment Name                     ; Value                           ; Default Value ; Entity Name ; Section Id ;
+-------------------------------------+---------------------------------+---------------+-------------+------------+
; COMPILER_SIGNATURE_ID               ; 189262220986038.159539471508452 ; --            ; --          ; --         ;
; IP_TOOL_NAME                        ; LPM_MUX                         ; --            ; --          ; --         ;
; IP_TOOL_NAME                        ; LPM_MUX                         ; --            ; --          ; --         ;
; IP_TOOL_NAME                        ; ROM: 1-PORT                     ; --            ; --          ; --         ;
; IP_TOOL_NAME                        ; LPM_SHIFTREG                    ; --            ; --          ; --         ;
; IP_TOOL_NAME                        ; LPM_SHIFTREG                    ; --            ; --          ; --         ;
; IP_TOOL_NAME                        ; LPM_MUX                         ; --            ; --          ; --         ;
; IP_TOOL_NAME                        ; LPM_CONSTANT                    ; --            ; --          ; --         ;
; IP_TOOL_NAME                        ; LPM_MUX                         ; --            ; --          ; --         ;
; IP_TOOL_NAME                        ; LPM_CONSTANT                    ; --            ; --          ; --         ;
; IP_TOOL_VERSION                     ; 13.0                            ; --            ; --          ; --         ;
; IP_TOOL_VERSION                     ; 13.0                            ; --            ; --          ; --         ;
; IP_TOOL_VERSION                     ; 13.0                            ; --            ; --          ; --         ;
; IP_TOOL_VERSION                     ; 13.0                            ; --            ; --          ; --         ;
; IP_TOOL_VERSION                     ; 13.0                            ; --            ; --          ; --         ;
; IP_TOOL_VERSION                     ; 13.0                            ; --            ; --          ; --         ;
; IP_TOOL_VERSION                     ; 13.0                            ; --            ; --          ; --         ;
; IP_TOOL_VERSION                     ; 13.0                            ; --            ; --          ; --         ;
; IP_TOOL_VERSION                     ; 13.0                            ; --            ; --          ; --         ;
; MISC_FILE                           ; lpm_mux2.bsf                    ; --            ; --          ; --         ;
; MISC_FILE                           ; lpm_mux2.cmp                    ; --            ; --          ; --         ;
; MISC_FILE                           ; lpm_mux3.bsf                    ; --            ; --          ; --         ;
; MISC_FILE                           ; lpm_mux3.cmp                    ; --            ; --          ; --         ;
; MISC_FILE                           ; I_Cache.bsf                     ; --            ; --          ; --         ;
; MISC_FILE                           ; I_Cache.cmp                     ; --            ; --          ; --         ;
; MISC_FILE                           ; lpm_shiftreg5.bsf               ; --            ; --          ; --         ;
; MISC_FILE                           ; lpm_shiftreg5.cmp               ; --            ; --          ; --         ;
; MISC_FILE                           ; lpm_shiftreg6.bsf               ; --            ; --          ; --         ;
; MISC_FILE                           ; lpm_shiftreg6.cmp               ; --            ; --          ; --         ;
; MISC_FILE                           ; lpm_mux8.bsf                    ; --            ; --          ; --         ;
; MISC_FILE                           ; lpm_mux8.cmp                    ; --            ; --          ; --         ;
; MISC_FILE                           ; lpm_constant3.bsf               ; --            ; --          ; --         ;
; MISC_FILE                           ; lpm_constant3.cmp               ; --            ; --          ; --         ;
; MISC_FILE                           ; lpm_mux4.bsf                    ; --            ; --          ; --         ;
; MISC_FILE                           ; lpm_mux4.cmp                    ; --            ; --          ; --         ;
; MISC_FILE                           ; lpm_constant_TEST.bsf           ; --            ; --          ; --         ;
; MISC_FILE                           ; lpm_constant_TEST.cmp           ; --            ; --          ; --         ;
; PARTITION_COLOR                     ; 16764057                        ; --            ; --          ; Top        ;
; PARTITION_FITTER_PRESERVATION_LEVEL ; PLACEMENT_AND_ROUTING           ; --            ; --          ; Top        ;
; PARTITION_NETLIST_TYPE              ; SOURCE                          ; --            ; --          ; Top        ;
; PROJECT_OUTPUT_DIRECTORY            ; output_files                    ; --            ; --          ; --         ;
+-------------------------------------+---------------------------------+---------------+-------------+------------+


+-------------------------------------------------------------------------------------------------------------------------------+
; Flow Elapsed Time                                                                                                             ;
+---------------------------+--------------+-------------------------+---------------------+------------------------------------+
; Module Name               ; Elapsed Time ; Average Processors Used ; Peak Virtual Memory ; Total CPU Time (on all processors) ;
+---------------------------+--------------+-------------------------+---------------------+------------------------------------+
; Analysis & Synthesis      ; 00:00:21     ; 1.0                     ; 4738 MB             ; 00:00:21                           ;
; Fitter                    ; 00:00:43     ; 1.0                     ; 5067 MB             ; 00:00:43                           ;
; Assembler                 ; 00:00:07     ; 1.0                     ; 4613 MB             ; 00:00:06                           ;
; TimeQuest Timing Analyzer ; 00:00:05     ; 1.0                     ; 4640 MB             ; 00:00:05                           ;
; Total                     ; 00:01:16     ; --                      ; --                  ; 00:01:15                           ;
+---------------------------+--------------+-------------------------+---------------------+------------------------------------+


+----------------------------------------------------------------------------------------+
; Flow OS Summary                                                                        ;
+---------------------------+------------------+-----------+------------+----------------+
; Module Name               ; Machine Hostname ; OS Name   ; OS Version ; Processor type ;
+---------------------------+------------------+-----------+------------+----------------+
; Analysis & Synthesis      ; DESKTOP-Q7F8GD3  ; Windows 7 ; 6.2        ; x86_64         ;
; Fitter                    ; DESKTOP-Q7F8GD3  ; Windows 7 ; 6.2        ; x86_64         ;
; Assembler                 ; DESKTOP-Q7F8GD3  ; Windows 7 ; 6.2        ; x86_64         ;
; TimeQuest Timing Analyzer ; DESKTOP-Q7F8GD3  ; Windows 7 ; 6.2        ; x86_64         ;
+---------------------------+------------------+-----------+------------+----------------+


------------
; Flow Log ;
------------
quartus_map --read_settings_files=on --write_settings_files=off Final_CPU -c Final_CPU
quartus_fit --read_settings_files=off --write_settings_files=off Final_CPU -c Final_CPU
quartus_asm --read_settings_files=off --write_settings_files=off Final_CPU -c Final_CPU
quartus_sta Final_CPU -c Final_CPU



